<?xml version="1.0" encoding="UTF-8"?>
<!-- Generated by org.testng.reporters.JUnitReportReporter -->
<testsuite hostname="DESKTOP-CJCTPFO" failures="0" tests="1" name="org.testrunner.TestRunnerClass" time="40.688" errors="0" timestamp="2024-12-19T20:37:03 IST" skipped="0">
  <testcase classname="org.testrunner.TestRunnerClass" name="runScenario" time="40.688"/>
</testsuite> <!-- org.testrunner.TestRunnerClass -->
