<?xml version="1.0" encoding="UTF-8"?>
<!-- Generated by org.testng.reporters.JUnitReportReporter -->
<testsuite hostname="DESKTOP-CJCTPFO" failures="0" tests="1" name="org.testrunner.TestRunnerClass" time="44.844" errors="0" timestamp="2024-11-09T18:53:00 IST" skipped="0">
  <testcase classname="org.testrunner.TestRunnerClass" name="runScenario" time="44.844"/>
</testsuite> <!-- org.testrunner.TestRunnerClass -->
